<?xml version="1.0" encoding="UTF-8"?>
<testng-results ignored="0" total="1" passed="1" failed="0" skipped="0">
  <reporter-output>
  </reporter-output>
  <suite started-at="2023-10-30T13:29:41 IST" name="Default suite" finished-at="2023-10-30T13:30:26 IST" duration-ms="45560">
    <groups>
    </groups>
    <test started-at="2023-10-30T13:29:41 IST" name="Default test" finished-at="2023-10-30T13:30:26 IST" duration-ms="45560">
      <class name="Bookingtest.test">
        <test-method is-config="true" signature="set()[pri:0, instance:Bookingtest.test@73a1e9a9]" started-at="2023-10-30T13:29:41 IST" name="set" finished-at="2023-10-30T13:29:43 IST" duration-ms="2573" status="PASS">
          <reporter-output>
          </reporter-output>
        </test-method> <!-- set -->
        <test-method is-config="true" signature="urlloading()[pri:0, instance:Bookingtest.test@73a1e9a9]" started-at="2023-10-30T13:29:43 IST" name="urlloading" finished-at="2023-10-30T13:29:46 IST" duration-ms="2801" status="PASS">
          <reporter-output>
          </reporter-output>
        </test-method> <!-- urlloading -->
        <test-method signature="testpage()[pri:0, instance:Bookingtest.test@73a1e9a9]" started-at="2023-10-30T13:29:46 IST" name="testpage" finished-at="2023-10-30T13:30:26 IST" duration-ms="40119" status="PASS">
          <reporter-output>
          </reporter-output>
        </test-method> <!-- testpage -->
      </class> <!-- Bookingtest.test -->
    </test> <!-- Default test -->
  </suite> <!-- Default suite -->
</testng-results>
